0 info it worked if it ends with ok
1 verbose cli [ 'C:\\Program Files\\nodejs\\node.exe',
1 verbose cli   'C:\\Program Files\\nodejs\\node_modules\\npm\\bin\\npm-cli.js',
1 verbose cli   'start' ]
2 info using npm@3.10.10
3 info using node@v6.10.2
4 verbose run-script [ 'prestart', 'start', 'poststart' ]
5 info lifecycle TradeoffAnalyticsV2NodejsStarterApp@0.1.3~prestart: TradeoffAnalyticsV2NodejsStarterApp@0.1.3
6 silly lifecycle TradeoffAnalyticsV2NodejsStarterApp@0.1.3~prestart: no script for prestart, continuing
7 info lifecycle TradeoffAnalyticsV2NodejsStarterApp@0.1.3~start: TradeoffAnalyticsV2NodejsStarterApp@0.1.3
8 verbose lifecycle TradeoffAnalyticsV2NodejsStarterApp@0.1.3~start: unsafe-perm in lifecycle true
9 verbose lifecycle TradeoffAnalyticsV2NodejsStarterApp@0.1.3~start: PATH: C:\Program Files\nodejs\node_modules\npm\bin\node-gyp-bin;C:\Users\Noopur\workspace\analytics\tradeoff-analytics-v2-vanilla-nodejs\node_modules\.bin;C:\ProgramData\Oracle\Java\javapath;C:\WINDOWS\system32;C:\WINDOWS;C:\WINDOWS\System32\Wbem;C:\WINDOWS\System32\WindowsPowerShell\v1.0\;C:\Python27;C:\Program Files\Java\jdk1.8.0_121\bin;C:\Program Files (x86)\Graphviz2.38\bin;C:\Program Files\Git\cmd;C:\Program Files\nodejs\;C:\Program Files\Cloud Foundry;C:\Users\Noopur\AppData\Local\Microsoft\WindowsApps;C:\Python27\Scripts;C:\Program Files (x86)\Microsoft VS Code\bin;C:\Program Files\Docker Toolbox;C:\Users\Noopur\AppData\Roaming\npm
10 verbose lifecycle TradeoffAnalyticsV2NodejsStarterApp@0.1.3~start: CWD: C:\Users\Noopur\workspace\analytics\tradeoff-analytics-v2-vanilla-nodejs
11 silly lifecycle TradeoffAnalyticsV2NodejsStarterApp@0.1.3~start: Args: [ '/d /s /c', 'node app.js' ]
12 silly lifecycle TradeoffAnalyticsV2NodejsStarterApp@0.1.3~start: Returned: code: 3221225786  signal: null
13 info lifecycle TradeoffAnalyticsV2NodejsStarterApp@0.1.3~start: Failed to exec start script
14 verbose stack Error: TradeoffAnalyticsV2NodejsStarterApp@0.1.3 start: `node app.js`
14 verbose stack Exit status 3221225786
14 verbose stack     at EventEmitter.<anonymous> (C:\Program Files\nodejs\node_modules\npm\lib\utils\lifecycle.js:255:16)
14 verbose stack     at emitTwo (events.js:106:13)
14 verbose stack     at EventEmitter.emit (events.js:191:7)
14 verbose stack     at ChildProcess.<anonymous> (C:\Program Files\nodejs\node_modules\npm\lib\utils\spawn.js:40:14)
14 verbose stack     at emitTwo (events.js:106:13)
14 verbose stack     at ChildProcess.emit (events.js:191:7)
14 verbose stack     at maybeClose (internal/child_process.js:886:16)
14 verbose stack     at Process.ChildProcess._handle.onexit (internal/child_process.js:226:5)
15 verbose pkgid TradeoffAnalyticsV2NodejsStarterApp@0.1.3
16 verbose cwd C:\Users\Noopur\workspace\analytics\tradeoff-analytics-v2-vanilla-nodejs
17 error Windows_NT 10.0.14393
18 error argv "C:\\Program Files\\nodejs\\node.exe" "C:\\Program Files\\nodejs\\node_modules\\npm\\bin\\npm-cli.js" "start"
19 error node v6.10.2
20 error npm  v3.10.10
21 error code ELIFECYCLE
22 error TradeoffAnalyticsV2NodejsStarterApp@0.1.3 start: `node app.js`
22 error Exit status 3221225786
23 error Failed at the TradeoffAnalyticsV2NodejsStarterApp@0.1.3 start script 'node app.js'.
23 error Make sure you have the latest version of node.js and npm installed.
23 error If you do, this is most likely a problem with the TradeoffAnalyticsV2NodejsStarterApp package,
23 error not with npm itself.
23 error Tell the author that this fails on your system:
23 error     node app.js
23 error You can get information on how to open an issue for this project with:
23 error     npm bugs TradeoffAnalyticsV2NodejsStarterApp
23 error Or if that isn't available, you can get their info via:
23 error     npm owner ls TradeoffAnalyticsV2NodejsStarterApp
23 error There is likely additional logging output above.
24 verbose exit [ 1, true ]
